-- The C compiler identification is GNU 11.4.0
-- The CXX compiler identification is GNU 11.4.0
-- Detecting C compiler ABI info
-- Detecting C compiler ABI info - done
-- Check for working C compiler: /usr/bin/cc - skipped
-- Detecting C compile features
-- Detecting C compile features - done
-- Detecting CXX compiler ABI info
-- Detecting CXX compiler ABI info - done
-- Check for working CXX compiler: /usr/bin/c++ - skipped
-- Detecting CXX compile features
-- Detecting CXX compile features - done
-- Found ament_cmake: 2.0.4 (/opt/ros/iron/share/ament_cmake/cmake)
-- Found Python3: /usr/bin/python3.10 (found version "3.10.12") found components: Interpreter
-- Found ament_lint_auto: 0.14.3 (/opt/ros/iron/share/ament_lint_auto/cmake)
-- Added test 'cppcheck' to perform static code analysis on C / C++ code
-- Configured cppcheck include dirs: $<BUILD_INTERFACE:/home/ubuntu/ros2_ws/src/toolpath_package/include>
-- Configured cppcheck exclude dirs and/or files: 
-- Added test 'lint_cmake' to check CMake code style
-- Added test 'uncrustify' to check C / C++ code style
-- Configured uncrustify additional arguments: 
-- Added test 'xmllint' to check XML markup files
-- Configuring done (1.8s)
-- Generating done (0.0s)
-- Build files have been written to: /home/ubuntu/ros2_ws/src/toolpath_package/build/toolpath_package
[ 50%] [32mBuilding CXX object CMakeFiles/toolpath_node.dir/src/toolpath_node.cpp.o[0m
[100%] [32m[1mLinking CXX executable toolpath_node[0m
[100%] Built target toolpath_node
-- Install configuration: ""
-- Installing: /home/ubuntu/ros2_ws/src/toolpath_package/install/toolpath_package/lib/toolpath_package/toolpath_node
-- Installing: /home/ubuntu/ros2_ws/src/toolpath_package/install/toolpath_package/share/ament_index/resource_index/package_run_dependencies/toolpath_package
-- Installing: /home/ubuntu/ros2_ws/src/toolpath_package/install/toolpath_package/share/ament_index/resource_index/parent_prefix_path/toolpath_package
-- Installing: /home/ubuntu/ros2_ws/src/toolpath_package/install/toolpath_package/share/toolpath_package/environment/ament_prefix_path.sh
-- Installing: /home/ubuntu/ros2_ws/src/toolpath_package/install/toolpath_package/share/toolpath_package/environment/ament_prefix_path.dsv
-- Installing: /home/ubuntu/ros2_ws/src/toolpath_package/install/toolpath_package/share/toolpath_package/environment/path.sh
-- Installing: /home/ubuntu/ros2_ws/src/toolpath_package/install/toolpath_package/share/toolpath_package/environment/path.dsv
-- Installing: /home/ubuntu/ros2_ws/src/toolpath_package/install/toolpath_package/share/toolpath_package/local_setup.bash
-- Installing: /home/ubuntu/ros2_ws/src/toolpath_package/install/toolpath_package/share/toolpath_package/local_setup.sh
-- Installing: /home/ubuntu/ros2_ws/src/toolpath_package/install/toolpath_package/share/toolpath_package/local_setup.zsh
-- Installing: /home/ubuntu/ros2_ws/src/toolpath_package/install/toolpath_package/share/toolpath_package/local_setup.dsv
-- Installing: /home/ubuntu/ros2_ws/src/toolpath_package/install/toolpath_package/share/toolpath_package/package.dsv
-- Installing: /home/ubuntu/ros2_ws/src/toolpath_package/install/toolpath_package/share/ament_index/resource_index/packages/toolpath_package
-- Installing: /home/ubuntu/ros2_ws/src/toolpath_package/install/toolpath_package/share/toolpath_package/cmake/toolpath_packageConfig.cmake
-- Installing: /home/ubuntu/ros2_ws/src/toolpath_package/install/toolpath_package/share/toolpath_package/cmake/toolpath_packageConfig-version.cmake
-- Installing: /home/ubuntu/ros2_ws/src/toolpath_package/install/toolpath_package/share/toolpath_package/package.xml
