[0.017s] Invoking command in '/home/tnas/ws_moveit2/src/arm_controller/build/arm_controller': CMAKE_PREFIX_PATH=${CMAKE_PREFIX_PATH}:/home/tnas/ws_moveit2/install/moveit_configs_utils:/home/tnas/ws_moveit2/install/launch_param_builder:/opt/ros/humble /usr/bin/cmake /home/tnas/ws_moveit2/src/arm_controller -DCMAKE_BUILD_TYPE=Debug -DCMAKE_INSTALL_PREFIX=/home/tnas/ws_moveit2/src/arm_controller/install/arm_controller
[0.106s] -- The C compiler identification is GNU 11.4.0
[0.171s] -- The CXX compiler identification is GNU 11.4.0
[0.180s] -- Detecting C compiler ABI info
[0.274s] -- Detecting C compiler ABI info - done
[0.281s] -- Check for working C compiler: /usr/bin/cc - skipped
[0.283s] -- Detecting C compile features
[0.283s] -- Detecting C compile features - done
[0.286s] -- Detecting CXX compiler ABI info
[0.392s] -- Detecting CXX compiler ABI info - done
[0.399s] -- Check for working CXX compiler: /usr/bin/c++ - skipped
[0.399s] -- Detecting CXX compile features
[0.400s] -- Detecting CXX compile features - done
[0.411s] -- Found ament_cmake: 1.3.8 (/opt/ros/humble/share/ament_cmake/cmake)
[0.594s] -- Found Python3: /usr/bin/python3 (found version "3.10.12") found components: Interpreter 
[0.785s] -- Found moveit_ros_planning_interface: 2.5.5 (/home/tnas/ws_moveit2/install/moveit_ros_planning_interface/share/moveit_ros_planning_interface/cmake)
[1.063s] -- Found Boost: /usr/lib/x86_64-linux-gnu/cmake/Boost-1.74.0/BoostConfig.cmake (found version "1.74.0") found components: date_time filesystem program_options system thread 
[1.193s] -- Found rosidl_generator_c: 3.1.5 (/opt/ros/humble/share/rosidl_generator_c/cmake)
[1.212s] -- Found rosidl_adapter: 3.1.5 (/opt/ros/humble/share/rosidl_adapter/cmake)
[1.234s] -- Found rosidl_generator_cpp: 3.1.5 (/opt/ros/humble/share/rosidl_generator_cpp/cmake)
[1.265s] -- Using all available rosidl_typesupport_c: rosidl_typesupport_fastrtps_c;rosidl_typesupport_introspection_c
[1.308s] -- Using all available rosidl_typesupport_cpp: rosidl_typesupport_fastrtps_cpp;rosidl_typesupport_introspection_cpp
[2.382s] -- Found Boost: /usr/lib/x86_64-linux-gnu/cmake/Boost-1.74.0/BoostConfig.cmake (found version "1.74.0") found components: chrono date_time filesystem iostreams program_options regex serialization system thread 
[2.516s] -- Found parameter_traits: 0.3.8 (/opt/ros/humble/share/parameter_traits/cmake)
[2.659s] -- Found rmw_implementation_cmake: 6.1.1 (/opt/ros/humble/share/rmw_implementation_cmake/cmake)
[2.671s] -- Found rmw_fastrtps_cpp: 6.2.6 (/opt/ros/humble/share/rmw_fastrtps_cpp/cmake)
[2.853s] -- Found OpenSSL: /usr/lib/x86_64-linux-gnu/libcrypto.so (found version "3.0.2")  
[2.888s] -- Found FastRTPS: /opt/ros/humble/include  
[2.956s] -- Using RMW implementation 'rmw_fastrtps_cpp' as default
[2.987s] -- Found Threads: TRUE  
[3.179s] -- Found Eigen3: TRUE (found version "3.4.0") 
[3.189s] -- Found rclcpp_lifecycle: 16.0.8 (/opt/ros/humble/share/rclcpp_lifecycle/cmake)
[3.259s] -- Found Boost: /usr/lib/x86_64-linux-gnu/cmake/Boost-1.74.0/BoostConfig.cmake (found version "1.74.0") found components: filesystem 
[3.434s] -- library: /usr/lib/x86_64-linux-gnu/libcurl.so
[3.632s] -- Ensuring Eigen3 include directory is part of orocos-kdl CMake target
[4.380s] -- Found Boost: /usr/lib/x86_64-linux-gnu/cmake/Boost-1.74.0/BoostConfig.cmake (found version "1.74.0") found components: system filesystem date_time program_options thread chrono 
[5.030s] -- Found Boost: /usr/lib/x86_64-linux-gnu/cmake/Boost-1.74.0/BoostConfig.cmake (found version "1.74.0") found components: thread system filesystem regex date_time program_options 
[5.325s] -- Found Boost: /usr/lib/x86_64-linux-gnu/cmake/Boost-1.74.0/BoostConfig.cmake (found version "1.74.0") found components: system filesystem date_time program_options thread 
[5.842s] -- Found ament_lint_auto: 0.12.10 (/opt/ros/humble/share/ament_lint_auto/cmake)
[5.999s] -- Added test 'cppcheck' to perform static code analysis on C / C++ code
[5.999s] -- Configured cppcheck include dirs: $<BUILD_INTERFACE:/home/tnas/ws_moveit2/src/arm_controller/include>
[5.999s] -- Configured cppcheck exclude dirs and/or files: 
[6.011s] -- Added test 'lint_cmake' to check CMake code style
[6.045s] -- Added test 'uncrustify' to check C / C++ code style
[6.045s] -- Configured uncrustify additional arguments: 
[6.050s] -- Added test 'xmllint' to check XML markup files
[6.054s] -- Configuring done
[6.066s] [31mCMake Error at CMakeLists.txt:22 (add_dependencies):
[6.066s]   The dependency target "geometry_msgs" of target "arm_controller" does not
[6.066s]   exist.
[6.066s] 
[6.066s] [0m
[6.067s] [31mCMake Error at CMakeLists.txt:22 (add_dependencies):
[6.067s]   The dependency target "moveit_ros_planning_interface" of target
[6.067s]   "arm_controller" does not exist.
[6.067s] 
[6.067s] [0m
[6.067s] [31mCMake Error at CMakeLists.txt:28 (add_dependencies):
[6.067s]   The dependency target "geometry_msgs" of target "interface_node" does not
[6.067s]   exist.
[6.067s] 
[6.067s] [0m
[6.067s] [31mCMake Error at CMakeLists.txt:28 (add_dependencies):
[6.067s]   The dependency target "rclcpp" of target "interface_node" does not exist.
[6.067s] 
[6.067s] [0m
[6.090s] -- Generating done
[6.092s] [0mCMake Generate step failed.  Build files cannot be regenerated correctly.[0m
[6.104s] Invoked command in '/home/tnas/ws_moveit2/src/arm_controller/build/arm_controller' returned '1': CMAKE_PREFIX_PATH=${CMAKE_PREFIX_PATH}:/home/tnas/ws_moveit2/install/moveit_configs_utils:/home/tnas/ws_moveit2/install/launch_param_builder:/opt/ros/humble /usr/bin/cmake /home/tnas/ws_moveit2/src/arm_controller -DCMAKE_BUILD_TYPE=Debug -DCMAKE_INSTALL_PREFIX=/home/tnas/ws_moveit2/src/arm_controller/install/arm_controller
