[0.018s] Invoking command in '/home/tnas/ws_moveit2/src/arm_controller/build/arm_controller': CMAKE_PREFIX_PATH=${CMAKE_PREFIX_PATH}:/home/tnas/ws_moveit2/install/moveit_configs_utils:/home/tnas/ws_moveit2/install/launch_param_builder:/opt/ros/humble /usr/bin/cmake /home/tnas/ws_moveit2/src/arm_controller -DCMAKE_BUILD_TYPE=Debug -DCMAKE_INSTALL_PREFIX=/home/tnas/ws_moveit2/src/arm_controller/install/arm_controller
[0.035s] -- Found ament_cmake: 1.3.8 (/opt/ros/humble/share/ament_cmake/cmake)
[0.162s] -- Found moveit_ros_planning_interface: 2.5.5 (/home/tnas/ws_moveit2/install/moveit_ros_planning_interface/share/moveit_ros_planning_interface/cmake)
[0.173s] -- Found Boost: /usr/lib/x86_64-linux-gnu/cmake/Boost-1.74.0/BoostConfig.cmake (found version "1.74.0") found components: date_time filesystem program_options system thread 
[0.203s] -- Found rosidl_generator_c: 3.1.5 (/opt/ros/humble/share/rosidl_generator_c/cmake)
[0.206s] -- Found rosidl_adapter: 3.1.5 (/opt/ros/humble/share/rosidl_adapter/cmake)
[0.212s] -- Found rosidl_generator_cpp: 3.1.5 (/opt/ros/humble/share/rosidl_generator_cpp/cmake)
[0.225s] -- Using all available rosidl_typesupport_c: rosidl_typesupport_fastrtps_c;rosidl_typesupport_introspection_c
[0.243s] -- Using all available rosidl_typesupport_cpp: rosidl_typesupport_fastrtps_cpp;rosidl_typesupport_introspection_cpp
[1.181s] -- Found Boost: /usr/lib/x86_64-linux-gnu/cmake/Boost-1.74.0/BoostConfig.cmake (found version "1.74.0") found components: chrono date_time filesystem iostreams program_options regex serialization system thread 
[1.212s] -- Found parameter_traits: 0.3.8 (/opt/ros/humble/share/parameter_traits/cmake)
[1.264s] -- Found rmw_implementation_cmake: 6.1.1 (/opt/ros/humble/share/rmw_implementation_cmake/cmake)
[1.267s] -- Found rmw_fastrtps_cpp: 6.2.6 (/opt/ros/humble/share/rmw_fastrtps_cpp/cmake)
[1.420s] -- Using RMW implementation 'rmw_fastrtps_cpp' as default
[1.583s] -- Found rclcpp_lifecycle: 16.0.8 (/opt/ros/humble/share/rclcpp_lifecycle/cmake)
[1.628s] -- Found Boost: /usr/lib/x86_64-linux-gnu/cmake/Boost-1.74.0/BoostConfig.cmake (found version "1.74.0") found components: filesystem 
[1.679s] -- library: /usr/lib/x86_64-linux-gnu/libcurl.so
[1.858s] -- Ensuring Eigen3 include directory is part of orocos-kdl CMake target
[2.487s] -- Found Boost: /usr/lib/x86_64-linux-gnu/cmake/Boost-1.74.0/BoostConfig.cmake (found version "1.74.0") found components: system filesystem date_time program_options thread chrono 
[3.119s] -- Found Boost: /usr/lib/x86_64-linux-gnu/cmake/Boost-1.74.0/BoostConfig.cmake (found version "1.74.0") found components: thread system filesystem regex date_time program_options 
[3.407s] -- Found Boost: /usr/lib/x86_64-linux-gnu/cmake/Boost-1.74.0/BoostConfig.cmake (found version "1.74.0") found components: system filesystem date_time program_options thread 
[3.934s] -- Found ament_lint_auto: 0.12.10 (/opt/ros/humble/share/ament_lint_auto/cmake)
[4.045s] -- Added test 'cppcheck' to perform static code analysis on C / C++ code
[4.045s] -- Configured cppcheck include dirs: $<BUILD_INTERFACE:/home/tnas/ws_moveit2/src/arm_controller/include>
[4.045s] -- Configured cppcheck exclude dirs and/or files: 
[4.050s] -- Added test 'flake8' to check Python code syntax and style conventions
[4.061s] -- Added test 'lint_cmake' to check CMake code style
[4.066s] -- Added test 'pep257' to check Python code against some of the docstring style conventions in PEP 257
[4.106s] -- Added test 'uncrustify' to check C / C++ code style
[4.106s] -- Configured uncrustify additional arguments: 
[4.111s] -- Added test 'xmllint' to check XML markup files
[4.112s] -- Configuring done
[4.125s] [31mCMake Error at CMakeLists.txt:22 (add_dependencies):
[4.125s]   The dependency target "geometry_msgs" of target "arm_controller" does not
[4.125s]   exist.
[4.125s] 
[4.125s] [0m
[4.125s] [31mCMake Error at CMakeLists.txt:22 (add_dependencies):
[4.125s]   The dependency target "moveit_ros_planning_interface" of target
[4.126s]   "arm_controller" does not exist.
[4.126s] 
[4.126s] [0m
[4.126s] [31mCMake Error at CMakeLists.txt:28 (add_dependencies):
[4.126s]   The dependency target "geometry_msgs" of target "interface_node" does not
[4.126s]   exist.
[4.126s] 
[4.126s] [0m
[4.126s] [31mCMake Error at CMakeLists.txt:28 (add_dependencies):
[4.126s]   The dependency target "rclcpp" of target "interface_node" does not exist.
[4.126s] 
[4.126s] [0m
[4.153s] -- Generating done
[4.155s] [0mCMake Generate step failed.  Build files cannot be regenerated correctly.[0m
[4.167s] Invoked command in '/home/tnas/ws_moveit2/src/arm_controller/build/arm_controller' returned '1': CMAKE_PREFIX_PATH=${CMAKE_PREFIX_PATH}:/home/tnas/ws_moveit2/install/moveit_configs_utils:/home/tnas/ws_moveit2/install/launch_param_builder:/opt/ros/humble /usr/bin/cmake /home/tnas/ws_moveit2/src/arm_controller -DCMAKE_BUILD_TYPE=Debug -DCMAKE_INSTALL_PREFIX=/home/tnas/ws_moveit2/src/arm_controller/install/arm_controller
