[0.142s] DEBUG:colcon:Command line arguments: ['/usr/bin/colcon', 'build', '--packages-select', 'toolpath_package']
[0.143s] DEBUG:colcon:Parsed command line arguments: Namespace(log_base=None, log_level=None, verb_name='build', build_base='build', install_base='install', merge_install=False, symlink_install=False, test_result_base=None, continue_on_error=False, executor='parallel', parallel_workers=4, event_handlers=None, ignore_user_meta=False, metas=['./colcon.meta'], base_paths=['.'], packages_ignore=None, packages_ignore_regex=None, paths=None, packages_up_to=None, packages_up_to_regex=None, packages_above=None, packages_above_and_dependencies=None, packages_above_depth=None, packages_select_by_dep=None, packages_skip_by_dep=None, packages_skip_up_to=None, packages_select_build_failed=False, packages_skip_build_finished=False, packages_select_test_failures=False, packages_skip_test_passed=False, packages_select=['toolpath_package'], packages_skip=None, packages_select_regex=None, packages_skip_regex=None, packages_start=None, packages_end=None, allow_overriding=[], cmake_args=None, cmake_target=None, cmake_target_skip_unavailable=False, cmake_clean_cache=False, cmake_clean_first=False, cmake_force_configure=False, ament_cmake_args=None, catkin_cmake_args=None, catkin_skip_building_tests=False, verb_parser=<colcon_defaults.argument_parser.defaults.DefaultArgumentsDecorator object at 0x7fad693511b0>, verb_extension=<colcon_core.verb.build.BuildVerb object at 0x7fad69350bb0>, main=<bound method BuildVerb.main of <colcon_core.verb.build.BuildVerb object at 0x7fad69350bb0>>)
[0.381s] Level 1:colcon.colcon_core.package_discovery:discover_packages(colcon_meta) check parameters
[0.381s] Level 1:colcon.colcon_core.package_discovery:discover_packages(recursive) check parameters
[0.381s] Level 1:colcon.colcon_core.package_discovery:discover_packages(ignore) check parameters
[0.381s] Level 1:colcon.colcon_core.package_discovery:discover_packages(path) check parameters
[0.381s] Level 1:colcon.colcon_core.package_discovery:discover_packages(colcon_meta) discover
[0.381s] Level 1:colcon.colcon_core.package_discovery:discover_packages(recursive) discover
[0.381s] INFO:colcon.colcon_core.package_discovery:Crawling recursively for packages in '/home/ubuntu/ros2_ws/src/toolpath_package'
[0.381s] Level 1:colcon.colcon_core.package_identification:_identify(.) by extensions ['ignore', 'ignore_ament_install']
[0.381s] Level 1:colcon.colcon_core.package_identification:_identify(.) by extension 'ignore'
[0.382s] Level 1:colcon.colcon_core.package_identification:_identify(.) by extension 'ignore_ament_install'
[0.382s] Level 1:colcon.colcon_core.package_identification:_identify(.) by extensions ['colcon_pkg']
[0.382s] Level 1:colcon.colcon_core.package_identification:_identify(.) by extension 'colcon_pkg'
[0.382s] Level 1:colcon.colcon_core.package_identification:_identify(.) by extensions ['colcon_meta']
[0.382s] Level 1:colcon.colcon_core.package_identification:_identify(.) by extension 'colcon_meta'
[0.382s] Level 1:colcon.colcon_core.package_identification:_identify(.) by extensions ['ros']
[0.382s] Level 1:colcon.colcon_core.package_identification:_identify(.) by extension 'ros'
[0.398s] DEBUG:colcon.colcon_core.package_identification:Package '.' with type 'ros.ament_cmake' and name 'toolpath_package'
[0.398s] Level 1:colcon.colcon_core.package_discovery:discover_packages(recursive) using defaults
[0.398s] Level 1:colcon.colcon_core.package_discovery:discover_packages(ignore) discover
[0.398s] Level 1:colcon.colcon_core.package_discovery:discover_packages(ignore) using defaults
[0.398s] Level 1:colcon.colcon_core.package_discovery:discover_packages(path) discover
[0.398s] Level 1:colcon.colcon_core.package_discovery:discover_packages(path) using defaults
[0.437s] Level 1:colcon.colcon_core.package_discovery:discover_packages(prefix_path) check parameters
[0.437s] Level 1:colcon.colcon_core.package_discovery:discover_packages(prefix_path) discover
[0.440s] DEBUG:colcon.colcon_installed_package_information.package_discovery:Found 5 installed packages in /home/ubuntu/ros2_ws/install
[0.442s] DEBUG:colcon.colcon_installed_package_information.package_discovery:Found 345 installed packages in /opt/ros/iron
[0.444s] Level 1:colcon.colcon_core.package_discovery:discover_packages(prefix_path) using defaults
[0.521s] Level 5:colcon.colcon_core.verb:set package 'toolpath_package' build argument 'cmake_args' from command line to 'None'
[0.521s] Level 5:colcon.colcon_core.verb:set package 'toolpath_package' build argument 'cmake_target' from command line to 'None'
[0.521s] Level 5:colcon.colcon_core.verb:set package 'toolpath_package' build argument 'cmake_target_skip_unavailable' from command line to 'False'
[0.521s] Level 5:colcon.colcon_core.verb:set package 'toolpath_package' build argument 'cmake_clean_cache' from command line to 'False'
[0.522s] Level 5:colcon.colcon_core.verb:set package 'toolpath_package' build argument 'cmake_clean_first' from command line to 'False'
[0.522s] Level 5:colcon.colcon_core.verb:set package 'toolpath_package' build argument 'cmake_force_configure' from command line to 'False'
[0.522s] Level 5:colcon.colcon_core.verb:set package 'toolpath_package' build argument 'ament_cmake_args' from command line to 'None'
[0.522s] Level 5:colcon.colcon_core.verb:set package 'toolpath_package' build argument 'catkin_cmake_args' from command line to 'None'
[0.522s] Level 5:colcon.colcon_core.verb:set package 'toolpath_package' build argument 'catkin_skip_building_tests' from command line to 'False'
[0.522s] DEBUG:colcon.colcon_core.verb:Building package 'toolpath_package' with the following arguments: {'ament_cmake_args': None, 'build_base': '/home/ubuntu/ros2_ws/src/toolpath_package/build/toolpath_package', 'catkin_cmake_args': None, 'catkin_skip_building_tests': False, 'cmake_args': None, 'cmake_clean_cache': False, 'cmake_clean_first': False, 'cmake_force_configure': False, 'cmake_target': None, 'cmake_target_skip_unavailable': False, 'install_base': '/home/ubuntu/ros2_ws/src/toolpath_package/install/toolpath_package', 'merge_install': False, 'path': '/home/ubuntu/ros2_ws/src/toolpath_package', 'symlink_install': False, 'test_result_base': None}
[0.522s] INFO:colcon.colcon_core.executor:Executing jobs using 'parallel' executor
[0.523s] DEBUG:colcon.colcon_parallel_executor.executor.parallel:run_until_complete
[0.524s] INFO:colcon.colcon_ros.task.ament_cmake.build:Building ROS package in '/home/ubuntu/ros2_ws/src/toolpath_package' with build type 'ament_cmake'
[0.524s] INFO:colcon.colcon_cmake.task.cmake.build:Building CMake package in '/home/ubuntu/ros2_ws/src/toolpath_package'
[0.529s] INFO:colcon.colcon_core.plugin_system:Skipping extension 'colcon_core.shell.bat': Not used on non-Windows systems
[0.529s] INFO:colcon.colcon_core.shell:Skip shell extension 'powershell' for command environment: Not usable outside of PowerShell
[0.529s] DEBUG:colcon.colcon_core.shell:Skip shell extension 'dsv' for command environment
[0.544s] DEBUG:colcon.colcon_core.event_handler.log_command:Invoking command in '/home/ubuntu/ros2_ws/src/toolpath_package/build/toolpath_package': CMAKE_PREFIX_PATH=${CMAKE_PREFIX_PATH}:/opt/ros/iron /usr/bin/cmake /home/ubuntu/ros2_ws/src/toolpath_package -DCMAKE_INSTALL_PREFIX=/home/ubuntu/ros2_ws/src/toolpath_package/install/toolpath_package
[2.409s] DEBUG:colcon.colcon_core.event_handler.log_command:Invoked command in '/home/ubuntu/ros2_ws/src/toolpath_package/build/toolpath_package' returned '0': CMAKE_PREFIX_PATH=${CMAKE_PREFIX_PATH}:/opt/ros/iron /usr/bin/cmake /home/ubuntu/ros2_ws/src/toolpath_package -DCMAKE_INSTALL_PREFIX=/home/ubuntu/ros2_ws/src/toolpath_package/install/toolpath_package
[2.412s] DEBUG:colcon.colcon_core.event_handler.log_command:Invoking command in '/home/ubuntu/ros2_ws/src/toolpath_package/build/toolpath_package': CMAKE_PREFIX_PATH=${CMAKE_PREFIX_PATH}:/opt/ros/iron /usr/bin/cmake --build /home/ubuntu/ros2_ws/src/toolpath_package/build/toolpath_package -- -j4 -l4
[2.607s] DEBUG:colcon.colcon_core.event_handler.log_command:Invoked command in '/home/ubuntu/ros2_ws/src/toolpath_package/build/toolpath_package' returned '0': CMAKE_PREFIX_PATH=${CMAKE_PREFIX_PATH}:/opt/ros/iron /usr/bin/cmake --build /home/ubuntu/ros2_ws/src/toolpath_package/build/toolpath_package -- -j4 -l4
[2.664s] DEBUG:colcon.colcon_core.event_handler.log_command:Invoking command in '/home/ubuntu/ros2_ws/src/toolpath_package/build/toolpath_package': CMAKE_PREFIX_PATH=${CMAKE_PREFIX_PATH}:/opt/ros/iron /usr/bin/cmake --install /home/ubuntu/ros2_ws/src/toolpath_package/build/toolpath_package
[2.679s] Level 1:colcon.colcon_core.environment:create_environment_scripts_only(toolpath_package)
[2.680s] DEBUG:colcon.colcon_core.event_handler.log_command:Invoked command in '/home/ubuntu/ros2_ws/src/toolpath_package/build/toolpath_package' returned '0': CMAKE_PREFIX_PATH=${CMAKE_PREFIX_PATH}:/opt/ros/iron /usr/bin/cmake --install /home/ubuntu/ros2_ws/src/toolpath_package/build/toolpath_package
[2.683s] Level 1:colcon.colcon_core.environment:checking '/home/ubuntu/ros2_ws/src/toolpath_package/install/toolpath_package' for CMake module files
[2.684s] Level 1:colcon.colcon_core.environment:checking '/home/ubuntu/ros2_ws/src/toolpath_package/install/toolpath_package' for CMake config files
[2.684s] Level 1:colcon.colcon_core.shell:create_environment_hook('toolpath_package', 'cmake_prefix_path')
[2.685s] INFO:colcon.colcon_core.shell:Creating environment hook '/home/ubuntu/ros2_ws/src/toolpath_package/install/toolpath_package/share/toolpath_package/hook/cmake_prefix_path.ps1'
[2.685s] INFO:colcon.colcon_core.shell:Creating environment descriptor '/home/ubuntu/ros2_ws/src/toolpath_package/install/toolpath_package/share/toolpath_package/hook/cmake_prefix_path.dsv'
[2.686s] INFO:colcon.colcon_core.shell:Creating environment hook '/home/ubuntu/ros2_ws/src/toolpath_package/install/toolpath_package/share/toolpath_package/hook/cmake_prefix_path.sh'
[2.687s] Level 1:colcon.colcon_core.environment:checking '/home/ubuntu/ros2_ws/src/toolpath_package/install/toolpath_package/lib'
[2.687s] Level 1:colcon.colcon_core.environment:checking '/home/ubuntu/ros2_ws/src/toolpath_package/install/toolpath_package/bin'
[2.688s] Level 1:colcon.colcon_core.environment:checking '/home/ubuntu/ros2_ws/src/toolpath_package/install/toolpath_package/lib/pkgconfig/toolpath_package.pc'
[2.688s] Level 1:colcon.colcon_core.environment:checking '/home/ubuntu/ros2_ws/src/toolpath_package/install/toolpath_package/lib/python3.10/site-packages'
[2.688s] Level 1:colcon.colcon_core.environment:checking '/home/ubuntu/ros2_ws/src/toolpath_package/install/toolpath_package/bin'
[2.688s] INFO:colcon.colcon_core.shell:Creating package script '/home/ubuntu/ros2_ws/src/toolpath_package/install/toolpath_package/share/toolpath_package/package.ps1'
[2.689s] INFO:colcon.colcon_core.shell:Creating package descriptor '/home/ubuntu/ros2_ws/src/toolpath_package/install/toolpath_package/share/toolpath_package/package.dsv'
[2.690s] INFO:colcon.colcon_core.shell:Creating package script '/home/ubuntu/ros2_ws/src/toolpath_package/install/toolpath_package/share/toolpath_package/package.sh'
[2.691s] INFO:colcon.colcon_core.shell:Creating package script '/home/ubuntu/ros2_ws/src/toolpath_package/install/toolpath_package/share/toolpath_package/package.bash'
[2.692s] INFO:colcon.colcon_core.shell:Creating package script '/home/ubuntu/ros2_ws/src/toolpath_package/install/toolpath_package/share/toolpath_package/package.zsh'
[2.693s] Level 1:colcon.colcon_core.environment:create_file_with_runtime_dependencies(/home/ubuntu/ros2_ws/src/toolpath_package/install/toolpath_package/share/colcon-core/packages/toolpath_package)
[2.740s] Level 1:colcon.colcon_core.environment:create_environment_scripts_only(toolpath_package)
[2.740s] Level 1:colcon.colcon_core.environment:checking '/home/ubuntu/ros2_ws/src/toolpath_package/install/toolpath_package' for CMake module files
[2.741s] Level 1:colcon.colcon_core.environment:checking '/home/ubuntu/ros2_ws/src/toolpath_package/install/toolpath_package' for CMake config files
[2.742s] Level 1:colcon.colcon_core.shell:create_environment_hook('toolpath_package', 'cmake_prefix_path')
[2.742s] INFO:colcon.colcon_core.shell:Creating environment hook '/home/ubuntu/ros2_ws/src/toolpath_package/install/toolpath_package/share/toolpath_package/hook/cmake_prefix_path.ps1'
[2.742s] INFO:colcon.colcon_core.shell:Creating environment descriptor '/home/ubuntu/ros2_ws/src/toolpath_package/install/toolpath_package/share/toolpath_package/hook/cmake_prefix_path.dsv'
[2.743s] INFO:colcon.colcon_core.shell:Creating environment hook '/home/ubuntu/ros2_ws/src/toolpath_package/install/toolpath_package/share/toolpath_package/hook/cmake_prefix_path.sh'
[2.744s] Level 1:colcon.colcon_core.environment:checking '/home/ubuntu/ros2_ws/src/toolpath_package/install/toolpath_package/lib'
[2.744s] Level 1:colcon.colcon_core.environment:checking '/home/ubuntu/ros2_ws/src/toolpath_package/install/toolpath_package/bin'
[2.744s] Level 1:colcon.colcon_core.environment:checking '/home/ubuntu/ros2_ws/src/toolpath_package/install/toolpath_package/lib/pkgconfig/toolpath_package.pc'
[2.745s] Level 1:colcon.colcon_core.environment:checking '/home/ubuntu/ros2_ws/src/toolpath_package/install/toolpath_package/lib/python3.10/site-packages'
[2.745s] Level 1:colcon.colcon_core.environment:checking '/home/ubuntu/ros2_ws/src/toolpath_package/install/toolpath_package/bin'
[2.745s] INFO:colcon.colcon_core.shell:Creating package script '/home/ubuntu/ros2_ws/src/toolpath_package/install/toolpath_package/share/toolpath_package/package.ps1'
[2.746s] INFO:colcon.colcon_core.shell:Creating package descriptor '/home/ubuntu/ros2_ws/src/toolpath_package/install/toolpath_package/share/toolpath_package/package.dsv'
[2.748s] INFO:colcon.colcon_core.shell:Creating package script '/home/ubuntu/ros2_ws/src/toolpath_package/install/toolpath_package/share/toolpath_package/package.sh'
[2.749s] INFO:colcon.colcon_core.shell:Creating package script '/home/ubuntu/ros2_ws/src/toolpath_package/install/toolpath_package/share/toolpath_package/package.bash'
[2.750s] INFO:colcon.colcon_core.shell:Creating package script '/home/ubuntu/ros2_ws/src/toolpath_package/install/toolpath_package/share/toolpath_package/package.zsh'
[2.751s] Level 1:colcon.colcon_core.environment:create_file_with_runtime_dependencies(/home/ubuntu/ros2_ws/src/toolpath_package/install/toolpath_package/share/colcon-core/packages/toolpath_package)
[2.751s] DEBUG:colcon.colcon_parallel_executor.executor.parallel:closing loop
[2.752s] DEBUG:colcon.colcon_parallel_executor.executor.parallel:loop closed
[2.752s] DEBUG:colcon.colcon_parallel_executor.executor.parallel:run_until_complete finished with '0'
[2.752s] DEBUG:colcon.colcon_core.event_reactor:joining thread
[2.760s] INFO:colcon.colcon_core.plugin_system:Skipping extension 'colcon_notification.desktop_notification.terminal_notifier': Not used on non-Darwin systems
[2.760s] INFO:colcon.colcon_core.plugin_system:Skipping extension 'colcon_notification.desktop_notification.win32': Not used on non-Windows systems
[2.760s] INFO:colcon.colcon_notification.desktop_notification:Sending desktop notification using 'notify2'
[2.786s] DEBUG:colcon.colcon_core.event_reactor:joined thread
[2.787s] INFO:colcon.colcon_core.shell:Creating prefix script '/home/ubuntu/ros2_ws/src/toolpath_package/install/local_setup.ps1'
[2.789s] INFO:colcon.colcon_core.shell:Creating prefix util module '/home/ubuntu/ros2_ws/src/toolpath_package/install/_local_setup_util_ps1.py'
[2.791s] INFO:colcon.colcon_core.shell:Creating prefix chain script '/home/ubuntu/ros2_ws/src/toolpath_package/install/setup.ps1'
[2.794s] INFO:colcon.colcon_core.shell:Creating prefix script '/home/ubuntu/ros2_ws/src/toolpath_package/install/local_setup.sh'
[2.795s] INFO:colcon.colcon_core.shell:Creating prefix util module '/home/ubuntu/ros2_ws/src/toolpath_package/install/_local_setup_util_sh.py'
[2.795s] INFO:colcon.colcon_core.shell:Creating prefix chain script '/home/ubuntu/ros2_ws/src/toolpath_package/install/setup.sh'
[2.798s] INFO:colcon.colcon_core.shell:Creating prefix script '/home/ubuntu/ros2_ws/src/toolpath_package/install/local_setup.bash'
[2.799s] INFO:colcon.colcon_core.shell:Creating prefix chain script '/home/ubuntu/ros2_ws/src/toolpath_package/install/setup.bash'
[2.802s] INFO:colcon.colcon_core.shell:Creating prefix script '/home/ubuntu/ros2_ws/src/toolpath_package/install/local_setup.zsh'
[2.803s] INFO:colcon.colcon_core.shell:Creating prefix chain script '/home/ubuntu/ros2_ws/src/toolpath_package/install/setup.zsh'
