[0.120s] DEBUG:colcon:Command line arguments: ['/usr/bin/colcon', 'build', '--mixin', 'debug', '--packages-select', 'arm_controller']
[0.120s] DEBUG:colcon:Parsed command line arguments: Namespace(log_base=None, log_level=None, verb_name='build', build_base='build', install_base='install', merge_install=False, symlink_install=False, test_result_base=None, continue_on_error=False, executor='parallel', parallel_workers=6, event_handlers=None, ignore_user_meta=False, metas=['./colcon.meta'], base_paths=['.'], packages_ignore=None, packages_ignore_regex=None, paths=None, packages_up_to=None, packages_up_to_regex=None, packages_above=None, packages_above_and_dependencies=None, packages_above_depth=None, packages_select_by_dep=None, packages_skip_by_dep=None, packages_skip_up_to=None, packages_select_build_failed=False, packages_skip_build_finished=False, packages_select_test_failures=False, packages_skip_test_passed=False, packages_select=['arm_controller'], packages_skip=None, packages_select_regex=None, packages_skip_regex=None, packages_start=None, packages_end=None, allow_overriding=[], cmake_args=['-DCMAKE_BUILD_TYPE=Debug'], cmake_target=None, cmake_target_skip_unavailable=False, cmake_clean_cache=False, cmake_clean_first=False, cmake_force_configure=False, ament_cmake_args=None, catkin_cmake_args=None, catkin_skip_building_tests=False, mixin_files=None, mixin=['debug'], verb_parser=<colcon_mixin.mixin.mixin_argument.MixinArgumentDecorator object at 0x72e4b2e3e170>, verb_extension=<colcon_core.verb.build.BuildVerb object at 0x72e4b2faf610>, main=<bound method BuildVerb.main of <colcon_core.verb.build.BuildVerb object at 0x72e4b2faf610>>, mixin_verb=('build',))
[0.295s] Level 1:colcon.colcon_core.package_discovery:discover_packages(colcon_meta) check parameters
[0.295s] Level 1:colcon.colcon_core.package_discovery:discover_packages(recursive) check parameters
[0.295s] Level 1:colcon.colcon_core.package_discovery:discover_packages(ignore) check parameters
[0.295s] Level 1:colcon.colcon_core.package_discovery:discover_packages(path) check parameters
[0.295s] Level 1:colcon.colcon_core.package_discovery:discover_packages(colcon_meta) discover
[0.295s] Level 1:colcon.colcon_core.package_discovery:discover_packages(recursive) discover
[0.295s] INFO:colcon.colcon_core.package_discovery:Crawling recursively for packages in '/home/tnas/ws_moveit2/src/arm_controller'
[0.295s] Level 1:colcon.colcon_core.package_identification:_identify(.) by extensions ['ignore', 'ignore_ament_install']
[0.296s] Level 1:colcon.colcon_core.package_identification:_identify(.) by extension 'ignore'
[0.296s] Level 1:colcon.colcon_core.package_identification:_identify(.) by extension 'ignore_ament_install'
[0.296s] Level 1:colcon.colcon_core.package_identification:_identify(.) by extensions ['colcon_pkg']
[0.296s] Level 1:colcon.colcon_core.package_identification:_identify(.) by extension 'colcon_pkg'
[0.296s] Level 1:colcon.colcon_core.package_identification:_identify(.) by extensions ['colcon_meta']
[0.296s] Level 1:colcon.colcon_core.package_identification:_identify(.) by extension 'colcon_meta'
[0.296s] Level 1:colcon.colcon_core.package_identification:_identify(.) by extensions ['ros']
[0.296s] Level 1:colcon.colcon_core.package_identification:_identify(.) by extension 'ros'
[0.308s] DEBUG:colcon.colcon_core.package_identification:Package '.' with type 'ros.ament_cmake' and name 'arm_controller'
[0.308s] Level 1:colcon.colcon_core.package_discovery:discover_packages(recursive) using defaults
[0.308s] Level 1:colcon.colcon_core.package_discovery:discover_packages(ignore) discover
[0.308s] Level 1:colcon.colcon_core.package_discovery:discover_packages(ignore) using defaults
[0.308s] Level 1:colcon.colcon_core.package_discovery:discover_packages(path) discover
[0.308s] Level 1:colcon.colcon_core.package_discovery:discover_packages(path) using defaults
[0.335s] Level 1:colcon.colcon_core.package_discovery:discover_packages(prefix_path) check parameters
[0.336s] Level 1:colcon.colcon_core.package_discovery:discover_packages(prefix_path) discover
[0.341s] DEBUG:colcon.colcon_installed_package_information.package_discovery:Found 59 installed packages in /home/tnas/ws_moveit2/install
[0.342s] DEBUG:colcon.colcon_installed_package_information.package_discovery:Found 2 installed packages in /home/tnas/ros2_humble/ros2-linux/install
[0.343s] DEBUG:colcon.colcon_installed_package_information.package_discovery:Found 376 installed packages in /opt/ros/humble
[0.346s] Level 1:colcon.colcon_core.package_discovery:discover_packages(prefix_path) using defaults
[0.398s] Level 5:colcon.colcon_core.verb:set package 'arm_controller' build argument 'cmake_args' from command line to '['-DCMAKE_BUILD_TYPE=Debug']'
[0.398s] Level 5:colcon.colcon_core.verb:set package 'arm_controller' build argument 'cmake_target' from command line to 'None'
[0.398s] Level 5:colcon.colcon_core.verb:set package 'arm_controller' build argument 'cmake_target_skip_unavailable' from command line to 'False'
[0.398s] Level 5:colcon.colcon_core.verb:set package 'arm_controller' build argument 'cmake_clean_cache' from command line to 'False'
[0.398s] Level 5:colcon.colcon_core.verb:set package 'arm_controller' build argument 'cmake_clean_first' from command line to 'False'
[0.398s] Level 5:colcon.colcon_core.verb:set package 'arm_controller' build argument 'cmake_force_configure' from command line to 'False'
[0.398s] Level 5:colcon.colcon_core.verb:set package 'arm_controller' build argument 'ament_cmake_args' from command line to 'None'
[0.398s] Level 5:colcon.colcon_core.verb:set package 'arm_controller' build argument 'catkin_cmake_args' from command line to 'None'
[0.398s] Level 5:colcon.colcon_core.verb:set package 'arm_controller' build argument 'catkin_skip_building_tests' from command line to 'False'
[0.398s] DEBUG:colcon.colcon_core.verb:Building package 'arm_controller' with the following arguments: {'ament_cmake_args': None, 'build_base': '/home/tnas/ws_moveit2/src/arm_controller/build/arm_controller', 'catkin_cmake_args': None, 'catkin_skip_building_tests': False, 'cmake_args': ['-DCMAKE_BUILD_TYPE=Debug'], 'cmake_clean_cache': False, 'cmake_clean_first': False, 'cmake_force_configure': False, 'cmake_target': None, 'cmake_target_skip_unavailable': False, 'install_base': '/home/tnas/ws_moveit2/src/arm_controller/install/arm_controller', 'merge_install': False, 'path': '/home/tnas/ws_moveit2/src/arm_controller', 'symlink_install': False, 'test_result_base': None}
[0.398s] INFO:colcon.colcon_core.executor:Executing jobs using 'parallel' executor
[0.399s] DEBUG:colcon.colcon_parallel_executor.executor.parallel:run_until_complete
[0.399s] INFO:colcon.colcon_ros.task.ament_cmake.build:Building ROS package in '/home/tnas/ws_moveit2/src/arm_controller' with build type 'ament_cmake'
[0.400s] INFO:colcon.colcon_cmake.task.cmake.build:Building CMake package in '/home/tnas/ws_moveit2/src/arm_controller'
[0.401s] INFO:colcon.colcon_core.plugin_system:Skipping extension 'colcon_core.shell.bat': Not used on non-Windows systems
[0.402s] INFO:colcon.colcon_core.shell:Skip shell extension 'powershell' for command environment: Not usable outside of PowerShell
[0.402s] DEBUG:colcon.colcon_core.shell:Skip shell extension 'dsv' for command environment
[0.417s] DEBUG:colcon.colcon_core.event_handler.log_command:Invoking command in '/home/tnas/ws_moveit2/src/arm_controller/build/arm_controller': CMAKE_PREFIX_PATH=${CMAKE_PREFIX_PATH}:/home/tnas/ws_moveit2/install/moveit_configs_utils:/home/tnas/ws_moveit2/install/launch_param_builder:/opt/ros/humble /usr/bin/cmake /home/tnas/ws_moveit2/src/arm_controller -DCMAKE_BUILD_TYPE=Debug -DCMAKE_INSTALL_PREFIX=/home/tnas/ws_moveit2/src/arm_controller/install/arm_controller
[6.504s] DEBUG:colcon.colcon_core.event_handler.log_command:Invoked command in '/home/tnas/ws_moveit2/src/arm_controller/build/arm_controller' returned '1': CMAKE_PREFIX_PATH=${CMAKE_PREFIX_PATH}:/home/tnas/ws_moveit2/install/moveit_configs_utils:/home/tnas/ws_moveit2/install/launch_param_builder:/opt/ros/humble /usr/bin/cmake /home/tnas/ws_moveit2/src/arm_controller -DCMAKE_BUILD_TYPE=Debug -DCMAKE_INSTALL_PREFIX=/home/tnas/ws_moveit2/src/arm_controller/install/arm_controller
[6.521s] Level 1:colcon.colcon_core.environment:create_environment_scripts_only(arm_controller)
[6.523s] Level 1:colcon.colcon_core.environment:checking '/home/tnas/ws_moveit2/src/arm_controller/install/arm_controller' for CMake module files
[6.524s] Level 1:colcon.colcon_core.environment:checking '/home/tnas/ws_moveit2/src/arm_controller/install/arm_controller' for CMake config files
[6.524s] Level 1:colcon.colcon_core.environment:checking '/home/tnas/ws_moveit2/src/arm_controller/install/arm_controller/bin'
[6.524s] Level 1:colcon.colcon_core.environment:checking '/home/tnas/ws_moveit2/src/arm_controller/install/arm_controller/lib/pkgconfig/arm_controller.pc'
[6.524s] Level 1:colcon.colcon_core.environment:checking '/home/tnas/ws_moveit2/src/arm_controller/install/arm_controller/lib/python3.10/site-packages'
[6.524s] Level 1:colcon.colcon_core.environment:checking '/home/tnas/ws_moveit2/src/arm_controller/install/arm_controller/bin'
[6.525s] INFO:colcon.colcon_core.shell:Creating package script '/home/tnas/ws_moveit2/src/arm_controller/install/arm_controller/share/arm_controller/package.ps1'
[6.525s] INFO:colcon.colcon_core.shell:Creating package descriptor '/home/tnas/ws_moveit2/src/arm_controller/install/arm_controller/share/arm_controller/package.dsv'
[6.526s] INFO:colcon.colcon_core.shell:Creating package script '/home/tnas/ws_moveit2/src/arm_controller/install/arm_controller/share/arm_controller/package.sh'
[6.526s] INFO:colcon.colcon_core.shell:Creating package script '/home/tnas/ws_moveit2/src/arm_controller/install/arm_controller/share/arm_controller/package.bash'
[6.527s] INFO:colcon.colcon_core.shell:Creating package script '/home/tnas/ws_moveit2/src/arm_controller/install/arm_controller/share/arm_controller/package.zsh'
[6.527s] Level 1:colcon.colcon_core.environment:create_file_with_runtime_dependencies(/home/tnas/ws_moveit2/src/arm_controller/install/arm_controller/share/colcon-core/packages/arm_controller)
[6.528s] DEBUG:colcon.colcon_parallel_executor.executor.parallel:closing loop
[6.528s] DEBUG:colcon.colcon_parallel_executor.executor.parallel:loop closed
[6.528s] DEBUG:colcon.colcon_parallel_executor.executor.parallel:run_until_complete finished with '1'
[6.528s] DEBUG:colcon.colcon_core.event_reactor:joining thread
[6.534s] INFO:colcon.colcon_core.plugin_system:Skipping extension 'colcon_notification.desktop_notification.terminal_notifier': Not used on non-Darwin systems
[6.534s] INFO:colcon.colcon_core.plugin_system:Skipping extension 'colcon_notification.desktop_notification.win32': Not used on non-Windows systems
[6.534s] INFO:colcon.colcon_notification.desktop_notification:Sending desktop notification using 'notify2'
[6.545s] DEBUG:colcon.colcon_core.event_reactor:joined thread
[6.546s] INFO:colcon.colcon_core.shell:Creating prefix script '/home/tnas/ws_moveit2/src/arm_controller/install/local_setup.ps1'
[6.547s] INFO:colcon.colcon_core.shell:Creating prefix util module '/home/tnas/ws_moveit2/src/arm_controller/install/_local_setup_util_ps1.py'
[6.548s] INFO:colcon.colcon_core.shell:Creating prefix chain script '/home/tnas/ws_moveit2/src/arm_controller/install/setup.ps1'
[6.552s] INFO:colcon.colcon_core.shell:Creating prefix script '/home/tnas/ws_moveit2/src/arm_controller/install/local_setup.sh'
[6.552s] INFO:colcon.colcon_core.shell:Creating prefix util module '/home/tnas/ws_moveit2/src/arm_controller/install/_local_setup_util_sh.py'
[6.553s] INFO:colcon.colcon_core.shell:Creating prefix chain script '/home/tnas/ws_moveit2/src/arm_controller/install/setup.sh'
[6.557s] INFO:colcon.colcon_core.shell:Creating prefix script '/home/tnas/ws_moveit2/src/arm_controller/install/local_setup.bash'
[6.557s] INFO:colcon.colcon_core.shell:Creating prefix chain script '/home/tnas/ws_moveit2/src/arm_controller/install/setup.bash'
[6.561s] INFO:colcon.colcon_core.shell:Creating prefix script '/home/tnas/ws_moveit2/src/arm_controller/install/local_setup.zsh'
[6.562s] INFO:colcon.colcon_core.shell:Creating prefix chain script '/home/tnas/ws_moveit2/src/arm_controller/install/setup.zsh'
